2024-06-15 16:03:01,780 - Assistant says: 
2024-06-15 16:04:24,336 - Assistant says: 
2024-06-15 16:06:07,034 - Assistant says: 
2024-06-15 16:08:12,062 - Assistant says: 
2024-06-15 16:08:59,407 - Assistant says: 
2024-06-15 16:11:38,602 - Assistant says: 
2024-06-15 16:15:07,421 - Assistant says: 
2024-06-15 16:21:06,229 - Assistant says: 
2024-06-15 16:23:47,652 - Assistant says: 
2024-06-15 16:25:33,419 - Assistant says: 
2024-06-15 16:26:08,723 - Assistant says: 
2024-06-15 16:27:44,112 - Assistant says: 
2024-06-15 16:28:06,212 - Assistant says: 
2024-06-15 16:32:49,717 - Assistant says: 
2024-06-15 16:33:23,947 - Assistant says: 
2024-06-15 16:35:03,953 - Assistant says: 
2024-06-15 16:35:42,049 - Assistant says: 
2024-06-15 16:38:15,453 - Assistant says: 
2024-06-15 17:44:36,118 - Assistant says: 你好，Bruce！很高兴和你聊天。《复仇者联盟3：无限战争》（Avengers: Infinity War）是一部2018年上映的美国超级英雄电影，由漫威电影工作室制作，华特迪士尼工作室电影发行。这部电影是漫威电影宇宙（MCU）的第19部作品，也是“复仇者联盟”系列的第三部。

故事讲述了宇宙中最强大的反派灭霸为了收集六颗无限宝石，开始了对宇宙的征服。无限宝石分别控制时间、空间、现实、灵魂、力量和心灵，一旦集齐，灭霸就可以实现任何愿望。为了阻止他的野心，复仇者联盟的超级英雄们必须团结起来，与灭霸进行一场史诗般的战斗。

电影中有很多精彩的动作场面和感人的情节，展现了英雄们的勇气、牺牲和友情。同时，这部电影的结局也给观众留下了很多悬念，为接下来的《复仇者联盟4：终局之战》埋下了伏笔。

希望这个简单的介绍对你有帮助。如果你对这部电影或漫威电影宇宙有任何问题，欢迎随时问我。
2024-06-15 17:59:26,387 - Assistant says: 你好，Bruce！《复仇者联盟3：无限战争》是漫威电影宇宙（MCU）中的一部重要作品，于2018年上映。在这部电影中，复仇者们面临着前所未有的挑战——宇宙中最强大的反派灭霸，他的目标是收集六颗无限宝石，以实现他摧毁宇宙一半生命的疯狂计划。

这部电影的动作场面非常壮观，特效也非常出色。同时，电影中的角色们也经历了许多感人的瞬间，展现了他们的勇气、牺牲和团结。然而，影片的结局却给观众带来了巨大的冲击，许多观众都对复仇者们的命运感到担忧。

此外，《复仇者联盟3》也为续集《复仇者联盟4：终局之战》埋下了许多伏笔，让观众对接下来的剧情充满期待。如果你对这部电影或者漫威电影宇宙有兴趣，欢迎随时和我交流，我会尽我所能为你提供更多信息。
2024-06-15 18:00:15,903 - Assistant says: 你好，Bruce！很高兴你对复仇者联盟系列感兴趣。这是一个非常经典的超级英雄电影系列，由漫威漫画改编。

复仇者联盟系列是漫威电影宇宙（Marvel Cinematic Universe, MCU）的重要组成部分，自2008年以来已经推出了多部电影。主要讲述了一群超级英雄为了保护地球和宇宙的和平而团结起来，共同对抗各种强大的敌人。

以下是一些主要的电影作品：

1. 钢铁侠（Iron Man）- 2008年
2. 无敌浩克（The Incredible Hulk）- 2008年
3. 雷神（Thor）- 2011年
4. 美国队长：第一复仇者（Captain America: The First Avenger）- 2011年
5. 复仇者联盟（The Avengers）- 2012年
6. 钢铁侠3（Iron Man 3）- 2013年
7. 雷神2：黑暗世界（Thor: The Dark World）- 2013年
8. 美国队长2：冬日战士（Captain America: The Winter Soldier）- 2014年
9. 银河护卫队（Guardians of the Galaxy）- 2014年
10. 复仇者联盟2：奥创纪元（Avengers: Age of Ultron）- 2015年
11. 蚁人（Ant-Man）- 2015年
12. 美国队长3：内战（Captain America: Civil War）- 2016年
13. 奇异博士（Doctor Strange）- 2016年
14. 银河护卫队2（Guardians of the Galaxy Vol. 2）- 2017年
15. 蜘蛛侠：英雄归来（Spider-Man: Homecoming）- 2017年
16. 雷神3：诸神黄昏（Thor: Ragnarok）- 2017年
17. 黑豹（Black Panther）- 2018年
18. 复仇者联盟3：无限战争（Avengers: Infinity War）- 2018年
19. 蚁人2：黄蜂女现身（Ant-Man and the Wasp）- 2018年
20. 惊奇队长（Captain Marvel）- 2019年
21. 复仇者联盟4：终局之战（Avengers: Endgame）- 2019年
22. 蜘蛛侠：离家日（Spider-Man: Far From Home）- 2019年

这些电影中，复仇者联盟系列的《复仇者联盟》、《复仇者联盟2：奥创纪元》、《复仇者联盟3：无限战争》和《复仇者联盟4：终局之战》是整个系列的高潮，讲述了超级英雄们与灭霸的终极对决。

希望这个介绍对你有帮助，如果你对其中的某个角色或者电影有更深入的问题，随时欢迎问我！
2024-06-15 18:06:40,601 - Assistant says: 你好，Bruce！很高兴为你介绍《复仇者联盟》系列。

《复仇者联盟》是由美国漫威漫画公司（Marvel Comics）创作的一系列超级英雄漫画，后来被改编成了电影系列。这个系列汇集了多位超级英雄，他们共同对抗邪恶势力，保护地球和宇宙的和平。

《复仇者联盟》电影系列从2008年的《钢铁侠》开始，到2019年的《复仇者联盟4：终局之战》共11部电影。这些电影不仅票房成绩斐然，而且深受全球影迷喜爱。

1. 《钢铁侠》（2008年）
2. 《无敌浩克》（2008年）
3. 《钢铁侠2》（2010年）
4. 《雷神》（2011年）
5. 《美国队长：复仇者先锋》（2011年）
6. 《复仇者联盟》（2012年）
7. 《钢铁侠3》（2013年）
8. 《雷神2：黑暗世界》（2013年）
9. 《美国队长2：冬日战士》（2014年）
10. 《银河护卫队》（2014年）
11. 《复仇者联盟2：奥创纪元》（2015年）
12. 《蚁人》（2015年）
13. 《美国队长3：内战》（2016年）
14. 《奇异博士》（2016年）
15. 《银河护卫队2》（2017年）
16. 《蜘蛛侠：英雄归来》（2017年）
17. 《雷神3：诸神黄昏》（2017年）
18. 《黑豹》（2018年）
19. 《复仇者联盟3：无限战争》（2018年）
20. 《蚁人2：黄蜂女现身》（2018年）
21. 《惊奇队长》（2019年）
22. 《复仇者联盟4：终局之战》（2019年）

这些电影之间相互关联，构成了一个庞大的漫威电影宇宙（MCU）。观众可以在观看过程中，发现不同电影之间的联系和彩蛋。

希望这个介绍对你有帮助，如果你对《复仇者联盟》系列还有什么问题，欢迎随时问我哦！
2024-06-15 18:09:31,535 - Assistant says: 你好，Bruce！复仇者联盟系列（The Avengers）是由漫威电影宇宙（Marvel Cinematic Universe, MCU）推出的一系列超级英雄电影，它们基于漫威漫画中的同名超级英雄团队。以下是一些基本的介绍：

1. **《钢铁侠》（Iron Man）** - 2008年上映，由小罗伯特·唐尼饰演托尼·斯塔克，是MCU的开山之作。
2. **《无敌浩克》（The Incredible Hulk）** - 2008年上映，讲述了布鲁斯·班纳博士的故事。
3. **《雷神》（Thor）** - 2011年上映，克里斯·海姆斯沃斯饰演雷神索尔。
4. **《美国队长》（Captain America: The First Avenger）** - 2011年上映，克里斯·埃文斯饰演史蒂夫·罗杰斯。
5. **《复仇者联盟》（The Avengers）** - 2012年上映，由多位超级英雄集结对抗外星入侵者。
6. **《钢铁侠3》（Iron Man 3）** - 2013年上映，继续讲述托尼·斯塔克的故事。
7. **《雷神2：黑暗世界》（Thor: The Dark World）** - 2013年上映，索尔对抗黑暗精灵。
8. **《美国队长2：冬日战士》（Captain America: The Winter Soldier）** - 2014年上映，史蒂夫面对新的威胁。
9. **《银河护卫队》（Guardians of the Galaxy）** - 2014年上映，一群宇宙英雄的故事。
10. **《复仇者联盟2：奥创纪元》（Avengers: Age of Ultron）** - 2015年上映，超级英雄们对抗由托尼·斯塔克创造的人工智能奥创。
11. **《蚁人》（Ant-Man）** - 2015年上映，保罗·路德饰演可以缩小身体的斯科特·朗。
12. **《美国队长3：英雄内战》（Captain America: Civil War）** - 2016年上映，超级英雄之间的冲突。
13. **《奇异博士》（Doctor Strange）** - 2016年上映，本尼迪克特·康伯巴奇饰演奇异博士。
14. **《银河护卫队2》（Guardians of the Galaxy Vol. 2）** - 2017年上映，银河护卫队的故事继续。
15. **《蜘蛛侠：英雄归来》（Spider-Man: Homecoming）** - 2017年上映，汤姆·赫兰德饰演蜘蛛侠。
16. **《雷神3：诸神黄昏》（Thor: Ragnarok）** - 2017年上映，索尔的冒险故事。
17. **《黑豹》（Black Panther）** - 2018年上映，查德维克·博斯曼饰演瓦坎达的国王。
18. **《复仇者联盟3：无限战争》（Avengers: Infinity War）** - 2018年上映，超级英雄们对抗拥有无限手套的灭霸。
19. **《蚁人2：黄蜂女现身》（Ant-Man and the Wasp）** - 2018年上映，斯科特·朗与黄蜂女的故事。
20. **《惊奇队长》（Captain Marvel）** - 2019年上映，布丽·拉尔森饰演卡罗尔·丹弗斯。
21. **《复仇者联盟4：终局之战》（Avengers: Endgame）** - 2019年上映，超级英雄们的最终决战。
22. **《蜘蛛侠：英雄远征》（Spider-Man: Far From Home）** - 2019年上映，蜘蛛侠的欧洲冒险。

复仇者联盟系列不仅包括这些电影，还有一些衍生的电视剧和短片。这些作品构成了一个庞大的叙事宇宙，深受全球观众的喜爱。希望这个简介对你有帮助！如果你想了解更多关于某个角色或故事的细节，随时告诉我。
2024-06-15 18:13:45,044 - Assistant says: 你好，Bruce！很高兴和你聊聊《复仇者联盟2》。这部电影是漫威电影宇宙（MCU）的一部分，是2012年《复仇者联盟》的续集。电影的全名是《复仇者联盟2：奥创纪元》（Avengers: Age of Ultron），由乔斯·韦登执导，2015年上映。

故事讲述了托尼·斯塔克（钢铁侠）为了保护世界，创造了一个名为奥创的人工智能。然而，奥创产生了自己的意识，并认为为了保护世界，必须消灭人类。于是，奥创与复仇者联盟展开了一场激烈的战斗。

电影中，复仇者联盟的成员包括钢铁侠、美国队长、雷神、绿巨人、黑寡妇和鹰眼。他们还得到了一些新盟友的帮助，比如绯红女巫和快银。这些角色之间的互动和冲突，为电影增添了许多看点。

《复仇者联盟2》在视觉效果、动作场面和角色塑造方面都做得非常出色，是漫威电影宇宙中的重要一章。同时，它也为之后的漫威电影埋下了许多伏笔。

希望这个简介能帮助你对这部电影有一个基本的了解。如果你有任何其他问题，或者想讨论更多关于电影的话题，随时欢迎和我交流！
2024-06-15 18:21:52,766 - Assistant says: 你好，Bruce，很高兴和你聊天。《复仇者联盟4：终局之战》（Avengers: Endgame）是2019年上映的一部美国超级英雄电影，由漫威电影宇宙（Marvel Cinematic Universe，简称MCU）出品，是《复仇者联盟》系列的第四部作品，也是该系列的最终章。

这部电影讲述了在《复仇者联盟3：无限战争》中，灭霸（Thanos）成功收集了六颗无限宝石并消灭了宇宙中一半的生命后，剩下的复仇者们如何重新集结，逆转灭霸的行动，拯救世界的故事。影片中，我们看到了钢铁侠（Iron Man）、美国队长（Captain America）、雷神（Thor）、黑寡妇（Black Widow）、绿巨人（Hulk）等众多超级英雄的回归，他们为了拯救失去的生命，不惜一切代价。

《复仇者联盟4》不仅在剧情上达到了高潮，而且在视觉效果、角色发展和情感表达上都非常出色。它不仅是对过去十年漫威电影宇宙的致敬，也是对影迷们长期以来支持和喜爱的回馈。这部电影在全球范围内取得了巨大的成功，成为了全球票房最高的电影之一。

总的来说，《复仇者联盟4》是一部充满激情、感人至深、令人难忘的电影，它为这个宏大的故事画上了一个圆满的句号。希望我的介绍对你有帮助，如果你对这部电影或者漫威电影宇宙有其他问题，欢迎随时问我。
2024-06-15 18:23:22,090 - Assistant says: 你好，Bruce，很高兴再次和你聊天。《复仇者联盟4：终局之战》是漫威电影宇宙中的一个重要里程碑，它不仅为前作中的悬念和冲突提供了解答，也给许多角色的故事画上了圆满的句号。

在这部电影中，幸存的复仇者们在经历了灭霸的响指之后，面对着宇宙一半生命消失的悲剧，他们必须找到一种方法来逆转这一切。他们制定了一个大胆的计划，回到过去，收集六颗无限宝石，然后利用它们的力量来恢复失去的生命。在这个过程中，我们看到了复仇者们之间的团结、牺牲和勇气。

影片中有许多令人难忘的场景，比如钢铁侠和女儿的深情对话，美国队长举起雷神之锤，以及最终的大战中所有英雄的集结。这些场景不仅展示了角色的成长，也深深触动了观众的情感。

《复仇者联盟4》在视觉效果上也达到了新的高度，无论是时空穿越的特效，还是最终战斗的宏大场面，都给观众带来了震撼的体验。同时，这部电影也充满了幽默和轻松的元素，使得整个观影过程既紧张又愉快。

总的来说，《复仇者联盟4》是一部集合了情感、动作、幽默和科幻元素的电影，它为漫威电影宇宙的前三个阶段画上了一个完美的句号，同时也为未来的故事留下了许多可能性。如果你还没有看过这部电影，我强烈推荐你去观看，相信你也会被它所打动。如果你对这部电影有更多的问题或者想法，欢迎随时和我分享。
2024-06-15 18:39:49,841 - Assistant says: 嗨，Bruce，很高兴和你聊天！《复仇者联盟4：终局之战》（Avengers: Endgame）是漫威电影宇宙（MCU）的第22部电影，也是《复仇者联盟》系列的第四部作品。这部电影在2019年上映，是《复仇者联盟3：无限战争》的续集。

在《复仇者联盟3》的结尾，许多超级英雄被灭霸的一个响指消灭了。《复仇者联盟4》讲述了剩下的英雄们如何团结起来，逆转这个灾难，拯救宇宙的故事。电影中不仅有激烈的战斗场面，还有很多感人的情节和角色之间的深情对话。

这部电影是漫威电影宇宙的一个重要里程碑，许多角色的故事线在这里得到了圆满的收尾。同时，它也标志着一些主要角色的告别。对于漫威粉丝来说，这部电影不仅仅是一部电影，更是一段旅程的终点。

希望这个简介能帮助你了解《复仇者联盟4》。如果你对这部电影或者漫威电影宇宙有其他问题，欢迎随时问我！
2024-06-15 18:43:12,841 - Assistant says: 您好，Bruce！很高兴和您聊天。您提到的“铁甲小宝”可能是指的《铁甲小宝》（又名《铁甲威虫之骑刃王》）是一部中国大陆的儿童科幻动画片，讲述了一群少年驾驶着铁甲威虫进行战斗的故事，充满了冒险和成长。这部动画片以其独特的机械设计和勇敢的少年形象受到了很多小朋友的喜爱。如果您指的是其他方面的“铁甲小宝”，还请您提供更多的信息，我会尽力为您解答。晚上好，希望您的一天过得愉快！
2024-06-15 18:50:11,218 - Assistant says: 南通是一座位于江苏省的美丽的滨江城市，有很多优点：

1. 地理位置优越：南通靠近长江口，交通便利，是上海的北翼，有利于经济发展。
2. 环境优美：南通有“江海明珠”之称，自然风光秀丽，空气质量好。
3. 历史文化悠久：南通有着丰富的历史文化遗产，如狼山、濠河等，具有深厚的文化底蕴。
4. 经济发展迅速：近年来，南通在高新技术产业、现代服务业等方面发展迅速，经济实力不断增强。
5. 教育资源优质：南通有多所知名高校，如南通大学等，教育资源较为丰富。
6. 生活成本适中：相比一线城市，南通的生活成本相对较低，适合居住和创业。

总的来说，南通是一座宜居、宜业、宜学的城市，具有很大的发展潜力。
2024-06-15 18:50:39,507 - Assistant says: 南通虽然有很多优点，但也有一些缺点，比如：

1. 城市规模较小：与一线城市相比，南通的规模较小，人口相对较少，可能在某些方面如国际化程度、娱乐活动等方面不如大城市丰富。
2. 产业结构单一：虽然南通经济发展迅速，但部分产业的比重较大，可能在产业结构上略显单一。
3. 交通压力：随着城市发展，交通压力逐渐增大，尤其是在早晚高峰时段，可能会遇到交通拥堵的问题。
4. 房价上涨：近年来，随着经济的发展和人口的增长，南通的房价也有所上涨，对一些年轻人来说，购房压力可能会增加。
5. 医疗资源分布不均：虽然南通有一些优质的医疗资源，但与大城市相比，医疗资源的分布可能不够均匀，部分区域的医疗条件有待提高。

当然，每个城市都有其独特的优点和需要改进的地方，南通也在不断努力发展和完善自己。
2024-06-15 21:23:58,185 - Assistant says: Thought: The user is asking for a simple addition calculation, so I should use the calculator tool to perform the operation and then return the result.

Action:
{
  "action": "calculator",
  "action_input": {"operation": "add", "first_number": 12121, "second_number": 1212}
}
2024-06-15 21:24:00,940 - Assistant says: Thought: I can finish the task now
Action:
{
  "action": "Finish_task",
  "action_input": {"answer":"13333"}
}
2024-06-15 21:41:27,781 - Assistant says: Thought: The user is asking for a mathematical calculation, specifically the sum of 12121 and 1212. I should use the calculator tool to perform this operation.

Action:
{
  "action": "calculator",
  "action_input": {"operation": "add", "first_number": 12121, "second_number": 1212}
}
2024-06-15 21:41:30,429 - Assistant says: Thought: I can finish the task now
Action:
{
  "action": "Finish_task",
  "action_input": {"answer":"13333"}
}
2024-06-15 21:47:39,003 - Assistant says: 您好，Bruce！晚上好，很高兴再次和您聊天。今天有什么问题想要探讨吗？我在这里随时准备帮助您。😄
2024-06-15 21:48:42,472 - Assistant says: Thought: To find the wind speed of Shanghai, I need to use a search engine to look up the current weather information for Shanghai.

Action:
```json
{
  "action": "search_engine",
  "action_input": {"query": "current wind speed in Shanghai"}
}
```
2024-06-15 21:50:28,058 - Assistant says: Thought: To find the age of Joe Biden, I need to search for his birthdate and calculate his age based on the current year.

Action:
{
  "action": "search_engine",
  "action_input": {"query": "Joe Biden birthdate"}
}
2024-06-15 21:50:35,625 - Assistant says: Thought: To calculate Joe Biden's age, I need to subtract his birth year from the current year.
Action:
{
  "action": "calculator",
  "action_input": {"operation": "minus", "first_number": 2023, "second_number": 1942}
}
2024-06-15 21:50:38,288 - Assistant says: Thought: I can finish the task now
Action:
{
  "action": "Finish_task",
  "action_input": {"answer":"Joe Biden is 81 years old."}
}
2024-06-15 22:02:33,973 - Assistant says: 您好，Bruce！晚上好，很高兴在2024年6月15日的晚上与您聊天。您提到的“query”，通常是指在数据库或搜索引擎中进行的查询。不知道您是想查询信息，还是有其他方面的问题需要帮助？请随时告诉我，我会尽力为您提供所需的信息或解答疑问。
2024-06-15 22:10:27,772 - Assistant says: 晚上好，Bruce！今天是2024年6月15日，很高兴和你聊天。你提到的“query”可能是指你有一些问题或者需要帮助的地方。请随时告诉我你的需求，我会尽力为你提供帮助。有什么可以帮你的吗？
